<?xml version="1.0" encoding="UTF-8"?>
<testsuite name="APIAutomationFramworkATB7x"
           tests="4"
           failures="0"
           errors="0"
           skipped="0"
           time="0.194">
    <properties></properties>



            <testcase
                name="testCreateBooking"
                time="0.170"
                classname="com.testingacademy.tests.integration.TCIntegrationSample">
            </testcase>
            <testcase
                name="testUpdateBookingByID"
                time="0.008"
                classname="com.testingacademy.tests.integration.TCIntegrationSample">
            </testcase>
            <testcase
                name="testVerifyBookingId"
                time="0.011"
                classname="com.testingacademy.tests.integration.TCIntegrationSample">
            </testcase>
            <testcase
                name="testDeleteBookingById"
                time="0.005"
                classname="com.testingacademy.tests.integration.TCIntegrationSample">
            </testcase>
</testsuite>
